Using pre-set license
Built from '2020.3/release' branch; Version is '2020.3.1f1 (77a89f25062f) revision 7841951'; Using compiler version '192528614'; Build Type 'Release'
OS: 'Windows 10 Pro; OS build 19041.1052; Version 2004; 64bit' Language: 'tr' Physical Memory: 8141 MB
BatchMode: 1, IsHumanControllingUs: 0, StartBugReporterOnCrash: 0, Is64bit: 1, IsPro: 0

 COMMAND LINE ARGUMENTS:
C:\Program Files\Unity\Hub\Editor\2020.3.1f1\Editor\Unity.exe
-adb2
-batchMode
-noUpm
-name
AssetImportWorker0
-projectPath
C:/Unity/games/Paralel/Paralel Evren
-logFile
Logs/AssetImportWorker0.log
-srvPort
51416
Successfully changed project path to: C:/Unity/games/Paralel/Paralel Evren
C:/Unity/games/Paralel/Paralel Evren
Using Asset Import Pipeline V2.
Refreshing native plugins compatible for Editor in 59.51 ms, found 1 plugins.
Preloading 0 native plugins for Editor in 0.00 ms.
Initialize engine version: 2020.3.1f1 (77a89f25062f)
[Subsystems] Discovering subsystems at path C:/Program Files/Unity/Hub/Editor/2020.3.1f1/Editor/Data/Resources/UnitySubsystems
[Subsystems] Discovering subsystems at path C:/Unity/games/Paralel/Paralel Evren/Assets
GfxDevice: creating device client; threaded=0
Direct3D:
    Version:  Direct3D 11.0 [level 11.0]
    Renderer: NVIDIA GeForce GTX 750 Ti (ID=0x1380)
    Vendor:   
    VRAM:     2007 MB
    Driver:   27.21.14.6109
Initialize mono
Mono path[0] = 'C:/Program Files/Unity/Hub/Editor/2020.3.1f1/Editor/Data/Managed'
Mono path[1] = 'C:/Program Files/Unity/Hub/Editor/2020.3.1f1/Editor/Data/MonoBleedingEdge/lib/mono/unityjit'
Mono config path = 'C:/Program Files/Unity/Hub/Editor/2020.3.1f1/Editor/Data/MonoBleedingEdge/etc'
Using monoOptions --debugger-agent=transport=dt_socket,embedding=1,server=y,suspend=n,address=127.0.0.1:56988
Begin MonoManager ReloadAssembly
Registering precompiled unity dll's ...
Register platform support module: C:/Program Files/Unity/Hub/Editor/2020.3.1f1/Editor/Data/PlaybackEngines/WebGLSupport/UnityEditor.WebGL.Extensions.dll
Register platform support module: C:/Program Files/Unity/Hub/Editor/2020.3.1f1/Editor/Data/PlaybackEngines/WindowsStandaloneSupport/UnityEditor.WindowsStandalone.Extensions.dll
Registered in 0.004735 seconds.
Native extension for WindowsStandalone target not found
Native extension for WebGL target not found
Refreshing native plugins compatible for Editor in 56.19 ms, found 1 plugins.
Preloading 0 native plugins for Editor in 0.00 ms.
Invoked RoslynAnalysisRunner static constructor.
RoslynAnalysisRunner will not be running.
RoslynAnalysisRunner has terminated.
Mono: successfully reloaded assembly
- Completed reload, in  2.815 seconds
Platform modules already initialized, skipping
Registering precompiled user dll's ...
Registered in 0.002174 seconds.
Begin MonoManager ReloadAssembly
Native extension for WindowsStandalone target not found
Native extension for WebGL target not found
Refreshing native plugins compatible for Editor in 65.78 ms, found 1 plugins.
Preloading 0 native plugins for Editor in 0.00 ms.
Invoked RoslynAnalysisRunner static constructor.
RoslynAnalysisRunner will not be running.
RoslynAnalysisRunner has terminated.
Mono: successfully reloaded assembly
- Completed reload, in  1.314 seconds
Platform modules already initialized, skipping
========================================================================
Worker process is ready to serve import requests
Launched and connected shader compiler UnityShaderCompiler.exe after 0.07 seconds
Refreshing native plugins compatible for Editor in 0.50 ms, found 1 plugins.
Preloading 0 native plugins for Editor in 0.00 ms.
Unloading 1847 Unused Serialized files (Serialized files now loaded: 0)
System memory in use before: 87.8 MB.
System memory in use after: 87.8 MB.

Unloading 25 unused Assets to reduce memory usage. Loaded Objects now: 2296.
Total: 2.722200 ms (FindLiveObjects: 0.254400 ms CreateObjectMapping: 0.131300 ms MarkObjects: 2.152800 ms  DeleteObjects: 0.182600 ms)

========================================================================
Received Import Request.
  path: Assets/Sounds
  artifactKey: Guid(e7be3046d9a3dc54db4967da31bde2df) Importer(815301076,1909f56bfc062723c751e8b465ee728b)
Start importing Assets/Sounds using Guid(e7be3046d9a3dc54db4967da31bde2df) Importer(815301076,1909f56bfc062723c751e8b465ee728b)  -> (artifact id: '362e4fb8db0b3f57d2dad50efeddfbc3') in 0.011406 seconds
  Import took 0.015307 seconds .

========================================================================
Received Import Request.
  Time since last request: 10.216960 seconds.
  path: Assets/Sounds/Sword.wav
  artifactKey: Guid(995de29b5360a00429dc25621a18e84e) Importer(815301076,1909f56bfc062723c751e8b465ee728b)
Start importing Assets/Sounds/Sword.wav using Guid(995de29b5360a00429dc25621a18e84e) Importer(815301076,1909f56bfc062723c751e8b465ee728b)  -> (artifact id: '767a601fefa0c58647529a96063193c5') in 0.150502 seconds
  Import took 0.154451 seconds .

========================================================================
Received Import Request.
  Time since last request: 0.000306 seconds.
  path: Assets/Sounds/SwordImpact.wav
  artifactKey: Guid(7f28391f740068144a5dcf350c4084c2) Importer(815301076,1909f56bfc062723c751e8b465ee728b)
Start importing Assets/Sounds/SwordImpact.wav using Guid(7f28391f740068144a5dcf350c4084c2) Importer(815301076,1909f56bfc062723c751e8b465ee728b)  -> (artifact id: '4754e3fe5d7891fdbded2a66ca61feb7') in 0.015702 seconds
  Import took 0.019310 seconds .

========================================================================
Received Import Request.
  Time since last request: 291.217556 seconds.
  path: Assets/Sounds/InGameMusic.mp3
  artifactKey: Guid(5a098114287c8744b8e579c87ac25f52) Importer(815301076,1909f56bfc062723c751e8b465ee728b)
Start importing Assets/Sounds/InGameMusic.mp3 using Guid(5a098114287c8744b8e579c87ac25f52) Importer(815301076,1909f56bfc062723c751e8b465ee728b)  -> (artifact id: '84bed8cbd07cf60f8b5ddb47066c3a3d') in 0.030800 seconds
  Import took 0.035550 seconds .

========================================================================
Received Import Request.
  Time since last request: 150.335963 seconds.
  path: Assets/Scripts/SoundManager.cs
  artifactKey: Guid(bace37188f1d04d4d95cef32843e4c91) Importer(815301076,1909f56bfc062723c751e8b465ee728b)
Start importing Assets/Scripts/SoundManager.cs using Guid(bace37188f1d04d4d95cef32843e4c91) Importer(815301076,1909f56bfc062723c751e8b465ee728b)  -> (artifact id: 'e79e327e8dd32b3b3843485509c4af5f') in 0.021886 seconds
  Import took 0.026903 seconds .

========================================================================
Received Prepare
Registering precompiled user dll's ...
Registered in 0.002290 seconds.
Begin MonoManager ReloadAssembly
Native extension for WindowsStandalone target not found
Native extension for WebGL target not found
Refreshing native plugins compatible for Editor in 0.60 ms, found 1 plugins.
Preloading 0 native plugins for Editor in 0.00 ms.
Invoked RoslynAnalysisRunner static constructor.
RoslynAnalysisRunner will not be running.
RoslynAnalysisRunner has terminated.
Mono: successfully reloaded assembly
- Completed reload, in  1.216 seconds
Platform modules already initialized, skipping
Refreshing native plugins compatible for Editor in 0.54 ms, found 1 plugins.
Preloading 0 native plugins for Editor in 0.00 ms.
Unloading 1828 Unused Serialized files (Serialized files now loaded: 0)
System memory in use before: 89.8 MB.
System memory in use after: 89.8 MB.

Unloading 13 unused Assets to reduce memory usage. Loaded Objects now: 2310.
Total: 2.269100 ms (FindLiveObjects: 0.212500 ms CreateObjectMapping: 0.079100 ms MarkObjects: 1.824300 ms  DeleteObjects: 0.151100 ms)

========================================================================
Received Prepare
Registering precompiled user dll's ...
Registered in 0.002611 seconds.
Begin MonoManager ReloadAssembly
Native extension for WindowsStandalone target not found
Native extension for WebGL target not found
Refreshing native plugins compatible for Editor in 0.73 ms, found 1 plugins.
Preloading 0 native plugins for Editor in 0.00 ms.
Invoked RoslynAnalysisRunner static constructor.
RoslynAnalysisRunner will not be running.
RoslynAnalysisRunner has terminated.
Mono: successfully reloaded assembly
- Completed reload, in  1.258 seconds
Platform modules already initialized, skipping
Refreshing native plugins compatible for Editor in 0.55 ms, found 1 plugins.
Preloading 0 native plugins for Editor in 0.00 ms.
Unloading 1828 Unused Serialized files (Serialized files now loaded: 0)
System memory in use before: 89.8 MB.
System memory in use after: 89.8 MB.

Unloading 13 unused Assets to reduce memory usage. Loaded Objects now: 2314.
Total: 4.137000 ms (FindLiveObjects: 0.355900 ms CreateObjectMapping: 0.379000 ms MarkObjects: 3.216400 ms  DeleteObjects: 0.183500 ms)

========================================================================
Received Import Request.
  Time since last request: 346.091945 seconds.
  path: Assets/Scripts/SoundManager.cs
  artifactKey: Guid(bace37188f1d04d4d95cef32843e4c91) Importer(815301076,1909f56bfc062723c751e8b465ee728b)
Start importing Assets/Scripts/SoundManager.cs using Guid(bace37188f1d04d4d95cef32843e4c91) Importer(815301076,1909f56bfc062723c751e8b465ee728b)  -> (artifact id: 'c9f59cf86c0251ed0cbee3414e1764eb') in 0.010299 seconds
  Import took 0.016955 seconds .

========================================================================
Received Prepare
Registering precompiled user dll's ...
Registered in 0.002385 seconds.
Begin MonoManager ReloadAssembly
Native extension for WindowsStandalone target not found
Native extension for WebGL target not found
Refreshing native plugins compatible for Editor in 0.53 ms, found 1 plugins.
Preloading 0 native plugins for Editor in 0.00 ms.
Invoked RoslynAnalysisRunner static constructor.
RoslynAnalysisRunner will not be running.
RoslynAnalysisRunner has terminated.
Mono: successfully reloaded assembly
- Completed reload, in  1.215 seconds
Platform modules already initialized, skipping
Refreshing native plugins compatible for Editor in 0.55 ms, found 1 plugins.
Preloading 0 native plugins for Editor in 0.00 ms.
Unloading 1828 Unused Serialized files (Serialized files now loaded: 0)
System memory in use before: 89.9 MB.
System memory in use after: 89.9 MB.

Unloading 13 unused Assets to reduce memory usage. Loaded Objects now: 2318.
Total: 6.701100 ms (FindLiveObjects: 0.518900 ms CreateObjectMapping: 0.550200 ms MarkObjects: 4.564300 ms  DeleteObjects: 1.064600 ms)

========================================================================
Received Prepare
Registering precompiled user dll's ...
Registered in 0.003622 seconds.
Begin MonoManager ReloadAssembly
Native extension for WindowsStandalone target not found
Native extension for WebGL target not found
Refreshing native plugins compatible for Editor in 0.64 ms, found 1 plugins.
Preloading 0 native plugins for Editor in 0.00 ms.
Invoked RoslynAnalysisRunner static constructor.
RoslynAnalysisRunner will not be running.
RoslynAnalysisRunner has terminated.
Mono: successfully reloaded assembly
- Completed reload, in  1.317 seconds
Platform modules already initialized, skipping
Refreshing native plugins compatible for Editor in 0.54 ms, found 1 plugins.
Preloading 0 native plugins for Editor in 0.00 ms.
Unloading 1828 Unused Serialized files (Serialized files now loaded: 0)
System memory in use before: 89.9 MB.
System memory in use after: 89.9 MB.

Unloading 13 unused Assets to reduce memory usage. Loaded Objects now: 2322.
Total: 2.615200 ms (FindLiveObjects: 0.253100 ms CreateObjectMapping: 0.152400 ms MarkObjects: 2.049000 ms  DeleteObjects: 0.158700 ms)

========================================================================
Received Prepare
Registering precompiled user dll's ...
Registered in 0.002181 seconds.
Begin MonoManager ReloadAssembly
Native extension for WindowsStandalone target not found
Native extension for WebGL target not found
Refreshing native plugins compatible for Editor in 0.60 ms, found 1 plugins.
Preloading 0 native plugins for Editor in 0.00 ms.
Invoked RoslynAnalysisRunner static constructor.
RoslynAnalysisRunner will not be running.
RoslynAnalysisRunner has terminated.
Mono: successfully reloaded assembly
- Completed reload, in  1.296 seconds
Platform modules already initialized, skipping
Refreshing native plugins compatible for Editor in 0.52 ms, found 1 plugins.
Preloading 0 native plugins for Editor in 0.00 ms.
Unloading 1828 Unused Serialized files (Serialized files now loaded: 0)
System memory in use before: 89.9 MB.
System memory in use after: 89.9 MB.

Unloading 13 unused Assets to reduce memory usage. Loaded Objects now: 2326.
Total: 2.437500 ms (FindLiveObjects: 0.256500 ms CreateObjectMapping: 0.107600 ms MarkObjects: 1.918400 ms  DeleteObjects: 0.153300 ms)

========================================================================
Received Prepare
Registering precompiled user dll's ...
Registered in 0.002506 seconds.
Begin MonoManager ReloadAssembly
Native extension for WindowsStandalone target not found
Native extension for WebGL target not found
Refreshing native plugins compatible for Editor in 0.53 ms, found 1 plugins.
Preloading 0 native plugins for Editor in 0.00 ms.
Invoked RoslynAnalysisRunner static constructor.
RoslynAnalysisRunner will not be running.
RoslynAnalysisRunner has terminated.
Mono: successfully reloaded assembly
- Completed reload, in  1.221 seconds
Platform modules already initialized, skipping
Refreshing native plugins compatible for Editor in 0.56 ms, found 1 plugins.
Preloading 0 native plugins for Editor in 0.00 ms.
Unloading 1828 Unused Serialized files (Serialized files now loaded: 0)
System memory in use before: 89.9 MB.
System memory in use after: 89.9 MB.

Unloading 13 unused Assets to reduce memory usage. Loaded Objects now: 2330.
Total: 2.896300 ms (FindLiveObjects: 0.287300 ms CreateObjectMapping: 0.183900 ms MarkObjects: 2.254800 ms  DeleteObjects: 0.168500 ms)

========================================================================
Received Prepare
Registering precompiled user dll's ...
Registered in 0.002775 seconds.
Begin MonoManager ReloadAssembly
Native extension for WindowsStandalone target not found
Native extension for WebGL target not found
Refreshing native plugins compatible for Editor in 0.61 ms, found 1 plugins.
Preloading 0 native plugins for Editor in 0.00 ms.
Invoked RoslynAnalysisRunner static constructor.
RoslynAnalysisRunner will not be running.
RoslynAnalysisRunner has terminated.
Mono: successfully reloaded assembly
- Completed reload, in  1.370 seconds
Platform modules already initialized, skipping
Refreshing native plugins compatible for Editor in 0.53 ms, found 1 plugins.
Preloading 0 native plugins for Editor in 0.00 ms.
Unloading 1828 Unused Serialized files (Serialized files now loaded: 0)
System memory in use before: 89.9 MB.
System memory in use after: 89.9 MB.

Unloading 13 unused Assets to reduce memory usage. Loaded Objects now: 2334.
Total: 2.897400 ms (FindLiveObjects: 0.302300 ms CreateObjectMapping: 0.165900 ms MarkObjects: 2.270100 ms  DeleteObjects: 0.157300 ms)

========================================================================
Received Import Request.
  Time since last request: 437.695648 seconds.
  path: Assets/Animations/Player/Dying.anim
  artifactKey: Guid(56221ef5e12c70d4a9b194712ae9dd4f) Importer(815301076,1909f56bfc062723c751e8b465ee728b)
Start importing Assets/Animations/Player/Dying.anim using Guid(56221ef5e12c70d4a9b194712ae9dd4f) Importer(815301076,1909f56bfc062723c751e8b465ee728b)  -> (artifact id: '57f09a97fe93bc09616e35efd6e75077') in 0.033408 seconds
  Import took 0.039244 seconds .

========================================================================
Received Import Request.
  Time since last request: 8.078879 seconds.
  path: Assets/Animations/Player/Sword/Dying.anim
  artifactKey: Guid(453b926e3528e2149bdaf586d02ea20b) Importer(815301076,1909f56bfc062723c751e8b465ee728b)
Start importing Assets/Animations/Player/Sword/Dying.anim using Guid(453b926e3528e2149bdaf586d02ea20b) Importer(815301076,1909f56bfc062723c751e8b465ee728b)  -> (artifact id: '3ec623de73e69217f472a30152bd26b0') in 0.012095 seconds
  Import took 0.018912 seconds .

========================================================================
Received Import Request.
  Time since last request: 0.001323 seconds.
  path: Assets/Animations/Player/Sword/Dying.anim
  artifactKey: Guid(453b926e3528e2149bdaf586d02ea20b) Importer(815301076,1909f56bfc062723c751e8b465ee728b)
Start importing Assets/Animations/Player/Sword/Dying.anim using Guid(453b926e3528e2149bdaf586d02ea20b) Importer(815301076,1909f56bfc062723c751e8b465ee728b)  -> (artifact id: '3ec623de73e69217f472a30152bd26b0') in 0.011172 seconds
  Import took 0.015593 seconds .

========================================================================
Received Import Request.
  Time since last request: 2.567187 seconds.
  path: Assets/Animations/Player/Sword/Dying.anim
  artifactKey: Guid(453b926e3528e2149bdaf586d02ea20b) Importer(815301076,1909f56bfc062723c751e8b465ee728b)
Start importing Assets/Animations/Player/Sword/Dying.anim using Guid(453b926e3528e2149bdaf586d02ea20b) Importer(815301076,1909f56bfc062723c751e8b465ee728b)  -> (artifact id: 'e1d70fe0eaaaba362910264bcc3aa09c') in 0.011699 seconds
  Import took 0.016314 seconds .

========================================================================
Received Prepare
Registering precompiled user dll's ...
Registered in 0.003112 seconds.
Begin MonoManager ReloadAssembly
Native extension for WindowsStandalone target not found
Native extension for WebGL target not found
Refreshing native plugins compatible for Editor in 0.59 ms, found 1 plugins.
Preloading 0 native plugins for Editor in 0.00 ms.
Invoked RoslynAnalysisRunner static constructor.
RoslynAnalysisRunner will not be running.
RoslynAnalysisRunner has terminated.
Mono: successfully reloaded assembly
- Completed reload, in  1.558 seconds
Platform modules already initialized, skipping
Refreshing native plugins compatible for Editor in 0.83 ms, found 1 plugins.
Preloading 0 native plugins for Editor in 0.00 ms.
Unloading 1828 Unused Serialized files (Serialized files now loaded: 0)
System memory in use before: 89.9 MB.
System memory in use after: 89.9 MB.

Unloading 13 unused Assets to reduce memory usage. Loaded Objects now: 2338.
Total: 3.312400 ms (FindLiveObjects: 0.279600 ms CreateObjectMapping: 0.176100 ms MarkObjects: 2.691500 ms  DeleteObjects: 0.163400 ms)

========================================================================
Received Prepare
Registering precompiled user dll's ...
Registered in 0.002392 seconds.
Begin MonoManager ReloadAssembly
Native extension for WindowsStandalone target not found
Native extension for WebGL target not found
Refreshing native plugins compatible for Editor in 0.57 ms, found 1 plugins.
Preloading 0 native plugins for Editor in 0.00 ms.
Invoked RoslynAnalysisRunner static constructor.
RoslynAnalysisRunner will not be running.
RoslynAnalysisRunner has terminated.
Mono: successfully reloaded assembly
- Completed reload, in  1.160 seconds
Platform modules already initialized, skipping
Refreshing native plugins compatible for Editor in 0.55 ms, found 1 plugins.
Preloading 0 native plugins for Editor in 0.00 ms.
Unloading 1828 Unused Serialized files (Serialized files now loaded: 0)
System memory in use before: 89.9 MB.
System memory in use after: 89.9 MB.

Unloading 13 unused Assets to reduce memory usage. Loaded Objects now: 2342.
Total: 3.038500 ms (FindLiveObjects: 0.255200 ms CreateObjectMapping: 0.135300 ms MarkObjects: 2.453800 ms  DeleteObjects: 0.192200 ms)

========================================================================
Received Prepare
Registering precompiled user dll's ...
Registered in 0.004777 seconds.
Begin MonoManager ReloadAssembly
Native extension for WindowsStandalone target not found
Native extension for WebGL target not found
Refreshing native plugins compatible for Editor in 0.52 ms, found 1 plugins.
Preloading 0 native plugins for Editor in 0.00 ms.
Invoked RoslynAnalysisRunner static constructor.
RoslynAnalysisRunner will not be running.
RoslynAnalysisRunner has terminated.
Mono: successfully reloaded assembly
- Completed reload, in  1.143 seconds
Platform modules already initialized, skipping
Refreshing native plugins compatible for Editor in 0.53 ms, found 1 plugins.
Preloading 0 native plugins for Editor in 0.00 ms.
Unloading 1828 Unused Serialized files (Serialized files now loaded: 0)
System memory in use before: 89.9 MB.
System memory in use after: 89.9 MB.

Unloading 13 unused Assets to reduce memory usage. Loaded Objects now: 2346.
Total: 2.386800 ms (FindLiveObjects: 0.215200 ms CreateObjectMapping: 0.074500 ms MarkObjects: 1.931000 ms  DeleteObjects: 0.164700 ms)

